<?xml version="1.0" encoding="UTF-8"?>
<!-- Generated by org.testng.reporters.JUnitReportReporter -->
<testsuite hostname="SONY-LAPTOP" failures="0" tests="1" name="scripts.TestCase2" time="81.803" errors="0" timestamp="2022-08-15T19:32:49 IST" skipped="0">
  <testcase classname="scripts.TestCase2" name="tc2" time="81.803"/>
  <system-out/>
</testsuite> <!-- scripts.TestCase2 -->
