<?xml version="1.0" encoding="UTF-8"?>
<!-- Generated by org.testng.reporters.JUnitReportReporter -->
<testsuite hostname="SONY-LAPTOP" failures="0" tests="1" name="scripts.TestCase4" time="20.473" errors="0" timestamp="2022-08-16T15:36:44 IST" skipped="0">
  <testcase classname="scripts.TestCase4" name="tc4" time="20.473"/>
  <system-out/>
</testsuite> <!-- scripts.TestCase4 -->
